
> my-app@0.1.0 dev /home/michael/my-app
> nodemon server/server.js

[33m[nodemon] 2.0.4[39m
[33m[nodemon] to restart at any time, enter `rs`[39m
[33m[nodemon] watching path(s): *.*[39m
[33m[nodemon] watching extensions: js,mjs,json[39m
[32m[nodemon] starting `node server/server.js`[39m
events.js:292
      throw er; // Unhandled 'error' event
      ^

Error: EBADF: bad file descriptor, read
Emitted 'error' event on ReadStream instance at:
    at internal/fs/streams.js:218:14
    at FSReqCallback.wrapper [as oncomplete] (fs.js:525:5) {
  errno: -9,
  code: 'EBADF',
  syscall: 'read'
}
npm ERR! code ELIFECYCLE
npm ERR! errno 1
npm ERR! my-app@0.1.0 dev: `nodemon server/server.js`
npm ERR! Exit status 1
npm ERR! 
npm ERR! Failed at the my-app@0.1.0 dev script.
npm ERR! This is probably not a problem with npm. There is likely additional logging output above.

npm ERR! A complete log of this run can be found in:
npm ERR!     /home/michael/.npm/_logs/2020-06-11T05_33_31_304Z-debug.log
